  Decision_tree.cpp
c:\users\asus\source\repos\decision_tree\decision_tree.cpp(52): warning C4244: “初始化”: 从“double”转换到“int”，可能丢失数据
c:\users\asus\source\repos\decision_tree\decision_tree.cpp(54): warning C4244: “初始化”: 从“double”转换到“int”，可能丢失数据
c:\users\asus\source\repos\decision_tree\decision_tree.cpp(55): warning C4244: “=”: 从“double”转换到“int”，可能丢失数据
c:\users\asus\source\repos\decision_tree\decision_tree.cpp(58): warning C4018: “<”: 有符号/无符号不匹配
c:\users\asus\source\repos\decision_tree\decision_tree.cpp(61): warning C4018: “<”: 有符号/无符号不匹配
c:\users\asus\source\repos\decision_tree\decision_tree.cpp(66): warning C4244: “参数”: 从“double”转换到“int”，可能丢失数据
c:\users\asus\source\repos\decision_tree\decision_tree.cpp(70): warning C4244: “=”: 从“double”转换到“int”，可能丢失数据
c:\users\asus\source\repos\decision_tree\decision_tree.cpp(88): warning C4018: “<”: 有符号/无符号不匹配
c:\users\asus\source\repos\decision_tree\decision_tree.cpp(91): warning C4018: “<”: 有符号/无符号不匹配
c:\users\asus\source\repos\decision_tree\decision_tree.cpp(116): warning C4018: “<”: 有符号/无符号不匹配
c:\users\asus\source\repos\decision_tree\decision_tree.cpp(119): warning C4018: “<”: 有符号/无符号不匹配
c:\users\asus\source\repos\decision_tree\decision_tree.cpp(146): warning C4018: “<”: 有符号/无符号不匹配
c:\users\asus\source\repos\decision_tree\decision_tree.cpp(150): warning C4018: “<”: 有符号/无符号不匹配
c:\users\asus\source\repos\decision_tree\decision_tree.cpp(180): warning C4018: “<”: 有符号/无符号不匹配
c:\users\asus\source\repos\decision_tree\decision_tree.cpp(181): warning C4018: “<”: 有符号/无符号不匹配
c:\users\asus\source\repos\decision_tree\decision_tree.cpp(190): warning C4018: “<”: 有符号/无符号不匹配
c:\users\asus\source\repos\decision_tree\decision_tree.cpp(201): warning C4018: “<”: 有符号/无符号不匹配
c:\users\asus\source\repos\decision_tree\decision_tree.cpp(219): warning C4018: “<”: 有符号/无符号不匹配
c:\users\asus\source\repos\decision_tree\decision_tree.cpp(227): warning C4018: “<”: 有符号/无符号不匹配
c:\users\asus\source\repos\decision_tree\decision_tree.cpp(231): warning C4018: “<”: 有符号/无符号不匹配
c:\users\asus\source\repos\decision_tree\decision_tree.cpp(243): warning C4018: “<”: 有符号/无符号不匹配
c:\users\asus\source\repos\decision_tree\decision_tree.cpp(253): warning C4018: “<”: 有符号/无符号不匹配
c:\users\asus\source\repos\decision_tree\decision_tree.cpp(273): warning C4018: “<”: 有符号/无符号不匹配
c:\users\asus\source\repos\decision_tree\decision_tree.cpp(290): warning C4244: “参数”: 从“time_t”转换到“unsigned int”，可能丢失数据
c:\users\asus\source\repos\decision_tree\decision_tree.cpp(297): warning C4018: “<”: 有符号/无符号不匹配
c:\users\asus\source\repos\decision_tree\decision_tree.cpp(178): warning C4715: “choose_attr”: 不是所有的控件路径都返回值
  Decision_tree.vcxproj -> C:\Users\ASUS\source\repos\Decision_tree\Debug\Decision_tree.exe
